<?xml version="1.0" encoding="UTF-8"?>
<!-- Generated by org.testng.reporters.JUnitReportReporter -->
<testsuite hostname="L00338" name="pcci_Iris.Test_Case_1_LogIn" tests="1" failures="0" timestamp="22 Dec 2014 17:07:50 GMT" time="17.032" errors="0">
  <testcase name="tescase1_LogIn" time="17.032" classname="pcci_Iris.Test_Case_1_LogIn"/>
</testsuite> <!-- pcci_Iris.Test_Case_1_LogIn -->
