<?xml version="1.0" encoding="UTF-8"?>
<!-- Generated by org.testng.reporters.JUnitReportReporter -->
<testsuite hostname="L00338" name="TestNG.Login" tests="1" failures="0" timestamp="19 Dec 2014 15:56:12 GMT" time="9.409" errors="0">
  <testcase name="login1" time="9.409" classname="TestNG.Login"/>
</testsuite> <!-- TestNG.Login -->
