<?xml version="1.0" encoding="UTF-8"?>
<!-- Generated by org.testng.reporters.JUnitReportReporter -->
<testsuite hostname="L00338" name="TestNG.NewTest" tests="1" failures="0" timestamp="19 Dec 2014 15:38:53 GMT" time="10.232" errors="0">
  <testcase name="openGoogle" time="10.232" classname="TestNG.NewTest"/>
</testsuite> <!-- TestNG.NewTest -->
