<?xml version="1.0" encoding="UTF-8"?>
<!-- Generated by org.testng.reporters.JUnitReportReporter -->
<testsuite hostname="L00338" name="pcci_Iris.Iris_Smoke" tests="1" failures="0" timestamp="22 Dec 2014 16:52:12 GMT" time="15.303" errors="0">
  <testcase name="logIn" time="15.303" classname="pcci_Iris.Iris_Smoke"/>
</testsuite> <!-- pcci_Iris.Iris_Smoke -->
