<?xml version="1.0" encoding="UTF-8"?>
<!-- Generated by org.testng.reporters.JUnitReportReporter -->
<testsuite hostname="L00338" name="pcci_Iris.Logout" tests="1" failures="0" timestamp="22 Dec 2014 16:42:04 GMT" time="19.095" errors="0">
  <testcase name="logOut" time="19.095" classname="pcci_Iris.Logout"/>
</testsuite> <!-- pcci_Iris.Logout -->
